<?xml version="1.0" encoding="UTF-8"?>
<coverage generated="1627926243423" clover="3.2.0">
  <project timestamp="1627926243423" name="All files">
    <metrics statements="415" coveredstatements="142" conditionals="75" coveredconditionals="38" methods="162" coveredmethods="43" elements="652" coveredelements="223" complexity="0" loc="415" ncloc="415" packages="35" files="74" classes="74"/>
    <package name="src">
      <metrics statements="4" coveredstatements="0" conditionals="0" coveredconditionals="0" methods="2" coveredmethods="0"/>
      <file name="App.js" path="/home/saching/Desktop/Bootcamp-21-Green-Commute-testing/final/src/App.js">
        <metrics statements="2" coveredstatements="0" conditionals="0" coveredconditionals="0" methods="1" coveredmethods="0"/>
        <line num="15" count="0" type="stmt"/>
        <line num="16" count="0" type="stmt"/>
      </file>
      <file name="Stuff.js" path="/home/saching/Desktop/Bootcamp-21-Green-Commute-testing/final/src/Stuff.js">
        <metrics statements="1" coveredstatements="0" conditionals="0" coveredconditionals="0" methods="1" coveredmethods="0"/>
        <line num="5" count="0" type="stmt"/>
      </file>
      <file name="index.js" path="/home/saching/Desktop/Bootcamp-21-Green-Commute-testing/final/src/index.js">
        <metrics statements="1" coveredstatements="0" conditionals="0" coveredconditionals="0" methods="0" coveredmethods="0"/>
        <line num="6" count="0" type="stmt"/>
      </file>
    </package>
    <package name="src.components">
      <metrics statements="1" coveredstatements="1" conditionals="0" coveredconditionals="0" methods="0" coveredmethods="0"/>
      <file name="index.js" path="/home/saching/Desktop/Bootcamp-21-Green-Commute-testing/final/src/components/index.js">
        <metrics statements="0" coveredstatements="0" conditionals="0" coveredconditionals="0" methods="0" coveredmethods="0"/>
      </file>
      <file name="theme.jsx" path="/home/saching/Desktop/Bootcamp-21-Green-Commute-testing/final/src/components/theme.jsx">
        <metrics statements="1" coveredstatements="1" conditionals="0" coveredconditionals="0" methods="0" coveredmethods="0"/>
        <line num="3" count="20" type="stmt"/>
      </file>
    </package>
    <package name="src.components.Organism.JobLocation">
      <metrics statements="6" coveredstatements="4" conditionals="0" coveredconditionals="0" methods="3" coveredmethods="2"/>
      <file name="JobLocation.js" path="/home/saching/Desktop/Bootcamp-21-Green-Commute-testing/final/src/components/Organism/JobLocation/JobLocation.js">
        <metrics statements="4" coveredstatements="4" conditionals="0" coveredconditionals="0" methods="2" coveredmethods="2"/>
        <line num="6" count="3" type="stmt"/>
        <line num="20" count="1" type="stmt"/>
        <line num="34" count="3" type="stmt"/>
        <line num="35" count="3" type="stmt"/>
      </file>
      <file name="JobLocation.stories.js" path="/home/saching/Desktop/Bootcamp-21-Green-Commute-testing/final/src/components/Organism/JobLocation/JobLocation.stories.js">
        <metrics statements="2" coveredstatements="0" conditionals="0" coveredconditionals="0" methods="1" coveredmethods="0"/>
        <line num="12" count="0" type="stmt"/>
        <line num="14" count="0" type="stmt"/>
      </file>
    </package>
    <package name="src.components.Organism.RenderJobCard">
      <metrics statements="14" coveredstatements="0" conditionals="0" coveredconditionals="0" methods="6" coveredmethods="0"/>
      <file name="RenderJobCardsForPage2.js" path="/home/saching/Desktop/Bootcamp-21-Green-Commute-testing/final/src/components/Organism/RenderJobCard/RenderJobCardsForPage2.js">
        <metrics statements="3" coveredstatements="0" conditionals="0" coveredconditionals="0" methods="2" coveredmethods="0"/>
        <line num="19" count="0" type="stmt"/>
        <line num="20" count="0" type="stmt"/>
        <line num="36" count="0" type="stmt"/>
      </file>
      <file name="RenderJobCardsForPage2.stories.js" path="/home/saching/Desktop/Bootcamp-21-Green-Commute-testing/final/src/components/Organism/RenderJobCard/RenderJobCardsForPage2.stories.js">
        <metrics statements="3" coveredstatements="0" conditionals="0" coveredconditionals="0" methods="1" coveredmethods="0"/>
        <line num="8" count="0" type="stmt"/>
        <line num="12" count="0" type="stmt"/>
        <line num="14" count="0" type="stmt"/>
      </file>
      <file name="RenderJobCardsForPage3.js" path="/home/saching/Desktop/Bootcamp-21-Green-Commute-testing/final/src/components/Organism/RenderJobCard/RenderJobCardsForPage3.js">
        <metrics statements="3" coveredstatements="0" conditionals="0" coveredconditionals="0" methods="2" coveredmethods="0"/>
        <line num="20" count="0" type="stmt"/>
        <line num="21" count="0" type="stmt"/>
        <line num="26" count="0" type="stmt"/>
      </file>
      <file name="RenderJobCardsForPage3.stories.js" path="/home/saching/Desktop/Bootcamp-21-Green-Commute-testing/final/src/components/Organism/RenderJobCard/RenderJobCardsForPage3.stories.js">
        <metrics statements="3" coveredstatements="0" conditionals="0" coveredconditionals="0" methods="1" coveredmethods="0"/>
        <line num="8" count="0" type="stmt"/>
        <line num="12" count="0" type="stmt"/>
        <line num="14" count="0" type="stmt"/>
      </file>
      <file name="jobCardDescription.js" path="/home/saching/Desktop/Bootcamp-21-Green-Commute-testing/final/src/components/Organism/RenderJobCard/jobCardDescription.js">
        <metrics statements="1" coveredstatements="0" conditionals="0" coveredconditionals="0" methods="0" coveredmethods="0"/>
        <line num="1" count="0" type="stmt"/>
      </file>
      <file name="jobCardDetails.js" path="/home/saching/Desktop/Bootcamp-21-Green-Commute-testing/final/src/components/Organism/RenderJobCard/jobCardDetails.js">
        <metrics statements="1" coveredstatements="0" conditionals="0" coveredconditionals="0" methods="0" coveredmethods="0"/>
        <line num="1" count="0" type="stmt"/>
      </file>
    </package>
    <package name="src.components.Organism.RightGrid">
      <metrics statements="7" coveredstatements="4" conditionals="0" coveredconditionals="0" methods="3" coveredmethods="2"/>
      <file name="Right.js" path="/home/saching/Desktop/Bootcamp-21-Green-Commute-testing/final/src/components/Organism/RightGrid/Right.js">
        <metrics statements="4" coveredstatements="4" conditionals="0" coveredconditionals="0" methods="2" coveredmethods="2"/>
        <line num="15" count="1" type="stmt"/>
        <line num="17" count="1" type="stmt"/>
        <line num="78" count="1" type="stmt"/>
        <line num="80" count="1" type="stmt"/>
      </file>
      <file name="Right.stories.js" path="/home/saching/Desktop/Bootcamp-21-Green-Commute-testing/final/src/components/Organism/RightGrid/Right.stories.js">
        <metrics statements="3" coveredstatements="0" conditionals="0" coveredconditionals="0" methods="1" coveredmethods="0"/>
        <line num="9" count="0" type="stmt"/>
        <line num="11" count="0" type="stmt"/>
        <line num="14" count="0" type="stmt"/>
      </file>
    </package>
    <package name="src.components.Organism.RightMapGrid">
      <metrics statements="7" coveredstatements="0" conditionals="0" coveredconditionals="0" methods="3" coveredmethods="0"/>
      <file name="RightMap.js" path="/home/saching/Desktop/Bootcamp-21-Green-Commute-testing/final/src/components/Organism/RightMapGrid/RightMap.js">
        <metrics statements="4" coveredstatements="0" conditionals="0" coveredconditionals="0" methods="2" coveredmethods="0"/>
        <line num="19" count="0" type="stmt"/>
        <line num="21" count="0" type="stmt"/>
        <line num="87" count="0" type="stmt"/>
        <line num="89" count="0" type="stmt"/>
      </file>
      <file name="RightMap.stories.js" path="/home/saching/Desktop/Bootcamp-21-Green-Commute-testing/final/src/components/Organism/RightMapGrid/RightMap.stories.js">
        <metrics statements="3" coveredstatements="0" conditionals="0" coveredconditionals="0" methods="1" coveredmethods="0"/>
        <line num="9" count="0" type="stmt"/>
        <line num="11" count="0" type="stmt"/>
        <line num="14" count="0" type="stmt"/>
      </file>
    </package>
    <package name="src.components.Organism.SideNavBar">
      <metrics statements="20" coveredstatements="10" conditionals="14" coveredconditionals="11" methods="9" coveredmethods="3"/>
      <file name="SideNavBar.js" path="/home/saching/Desktop/Bootcamp-21-Green-Commute-testing/final/src/components/Organism/SideNavBar/SideNavBar.js">
        <metrics statements="17" coveredstatements="10" conditionals="14" coveredconditionals="11" methods="8" coveredmethods="3"/>
        <line num="29" count="0" type="stmt"/>
        <line num="30" count="0" type="stmt"/>
        <line num="31" count="0" type="stmt"/>
        <line num="33" count="0" type="stmt"/>
        <line num="47" count="3" type="stmt"/>
        <line num="50" count="2" type="stmt"/>
        <line num="51" count="0" type="stmt"/>
        <line num="55" count="2" type="stmt"/>
        <line num="91" count="2" type="stmt"/>
        <line num="181" count="2" type="stmt"/>
        <line num="183" count="2" type="stmt"/>
        <line num="196" count="16" type="stmt"/>
        <line num="197" count="16" type="cond" truecount="2" falsecount="0"/>
        <line num="198" count="2" type="stmt"/>
        <line num="200" count="0" type="cond" truecount="1" falsecount="1"/>
        <line num="212" count="14" type="stmt"/>
        <line num="214" count="0" type="cond" truecount="2" falsecount="0"/>
      </file>
      <file name="SideNavBar.stories.js" path="/home/saching/Desktop/Bootcamp-21-Green-Commute-testing/final/src/components/Organism/SideNavBar/SideNavBar.stories.js">
        <metrics statements="3" coveredstatements="0" conditionals="0" coveredconditionals="0" methods="1" coveredmethods="0"/>
        <line num="8" count="0" type="stmt"/>
        <line num="12" count="0" type="stmt"/>
        <line num="14" count="0" type="stmt"/>
      </file>
    </package>
    <package name="src.components.Organism.TopNavigation">
      <metrics statements="8" coveredstatements="5" conditionals="0" coveredconditionals="0" methods="3" coveredmethods="2"/>
      <file name="TopNavigation.js" path="/home/saching/Desktop/Bootcamp-21-Green-Commute-testing/final/src/components/Organism/TopNavigation/TopNavigation.js">
        <metrics statements="5" coveredstatements="5" conditionals="0" coveredconditionals="0" methods="2" coveredmethods="2"/>
        <line num="5" count="1" type="stmt"/>
        <line num="7" count="1" type="stmt"/>
        <line num="10" count="1" type="stmt"/>
        <line num="11" count="1" type="stmt"/>
        <line num="13" count="1" type="stmt"/>
      </file>
      <file name="TopNavigation.stories.js" path="/home/saching/Desktop/Bootcamp-21-Green-Commute-testing/final/src/components/Organism/TopNavigation/TopNavigation.stories.js">
        <metrics statements="3" coveredstatements="0" conditionals="0" coveredconditionals="0" methods="1" coveredmethods="0"/>
        <line num="10" count="0" type="stmt"/>
        <line num="12" count="0" type="stmt"/>
        <line num="15" count="0" type="stmt"/>
      </file>
    </package>
    <package name="src.components.atoms.Checkbox">
      <metrics statements="3" coveredstatements="0" conditionals="0" coveredconditionals="0" methods="1" coveredmethods="0"/>
      <file name="Checkbox.js" path="/home/saching/Desktop/Bootcamp-21-Green-Commute-testing/final/src/components/atoms/Checkbox/Checkbox.js">
        <metrics statements="1" coveredstatements="0" conditionals="0" coveredconditionals="0" methods="0" coveredmethods="0"/>
        <line num="7" count="0" type="stmt"/>
      </file>
      <file name="Checkbox.stories.js" path="/home/saching/Desktop/Bootcamp-21-Green-Commute-testing/final/src/components/atoms/Checkbox/Checkbox.stories.js">
        <metrics statements="2" coveredstatements="0" conditionals="0" coveredconditionals="0" methods="1" coveredmethods="0"/>
        <line num="12" count="0" type="stmt"/>
        <line num="14" count="0" type="stmt"/>
      </file>
    </package>
    <package name="src.components.atoms.MyImage">
      <metrics statements="11" coveredstatements="2" conditionals="0" coveredconditionals="0" methods="2" coveredmethods="1"/>
      <file name="MyImage.js" path="/home/saching/Desktop/Bootcamp-21-Green-Commute-testing/final/src/components/atoms/MyImage/MyImage.js">
        <metrics statements="2" coveredstatements="2" conditionals="0" coveredconditionals="0" methods="1" coveredmethods="1"/>
        <line num="4" count="10" type="stmt"/>
        <line num="5" count="68" type="stmt"/>
      </file>
      <file name="MyImage.stories.js" path="/home/saching/Desktop/Bootcamp-21-Green-Commute-testing/final/src/components/atoms/MyImage/MyImage.stories.js">
        <metrics statements="9" coveredstatements="0" conditionals="0" coveredconditionals="0" methods="1" coveredmethods="0"/>
        <line num="9" count="0" type="stmt"/>
        <line num="11" count="0" type="stmt"/>
        <line num="13" count="0" type="stmt"/>
        <line num="20" count="0" type="stmt"/>
        <line num="22" count="0" type="stmt"/>
        <line num="30" count="0" type="stmt"/>
        <line num="32" count="0" type="stmt"/>
        <line num="39" count="0" type="stmt"/>
        <line num="41" count="0" type="stmt"/>
      </file>
    </package>
    <package name="src.components.atoms.MyTypography">
      <metrics statements="7" coveredstatements="7" conditionals="0" coveredconditionals="0" methods="2" coveredmethods="1"/>
      <file name="MyTypography.js" path="/home/saching/Desktop/Bootcamp-21-Green-Commute-testing/final/src/components/atoms/MyTypography/MyTypography.js">
        <metrics statements="2" coveredstatements="2" conditionals="0" coveredconditionals="0" methods="1" coveredmethods="1"/>
        <line num="4" count="14" type="stmt"/>
        <line num="5" count="1" type="stmt"/>
      </file>
      <file name="MyTypography.stories.js" path="/home/saching/Desktop/Bootcamp-21-Green-Commute-testing/final/src/components/atoms/MyTypography/MyTypography.stories.js">
        <metrics statements="5" coveredstatements="5" conditionals="0" coveredconditionals="0" methods="1" coveredmethods="0"/>
        <line num="9" count="1" type="stmt"/>
        <line num="11" count="1" type="stmt"/>
        <line num="13" count="1" type="stmt"/>
        <line num="104" count="1" type="stmt"/>
        <line num="106" count="1" type="stmt"/>
      </file>
    </package>
    <package name="src.components.atoms.TextField">
      <metrics statements="6" coveredstatements="0" conditionals="0" coveredconditionals="0" methods="2" coveredmethods="0"/>
      <file name="CustomTextFieldForJobLocation.js" path="/home/saching/Desktop/Bootcamp-21-Green-Commute-testing/final/src/components/atoms/TextField/CustomTextFieldForJobLocation.js">
        <metrics statements="3" coveredstatements="0" conditionals="0" coveredconditionals="0" methods="1" coveredmethods="0"/>
        <line num="7" count="0" type="stmt"/>
        <line num="27" count="0" type="stmt"/>
        <line num="28" count="0" type="stmt"/>
      </file>
      <file name="CustomTextFieldForJobSearch.js" path="/home/saching/Desktop/Bootcamp-21-Green-Commute-testing/final/src/components/atoms/TextField/CustomTextFieldForJobSearch.js">
        <metrics statements="3" coveredstatements="0" conditionals="0" coveredconditionals="0" methods="1" coveredmethods="0"/>
        <line num="7" count="0" type="stmt"/>
        <line num="27" count="0" type="stmt"/>
        <line num="29" count="0" type="stmt"/>
      </file>
    </package>
    <package name="src.components.atoms.button">
      <metrics statements="7" coveredstatements="0" conditionals="0" coveredconditionals="0" methods="2" coveredmethods="0"/>
      <file name="CustomButton.js" path="/home/saching/Desktop/Bootcamp-21-Green-Commute-testing/final/src/components/atoms/button/CustomButton.js">
        <metrics statements="4" coveredstatements="0" conditionals="0" coveredconditionals="0" methods="1" coveredmethods="0"/>
        <line num="6" count="0" type="stmt"/>
        <line num="7" count="0" type="stmt"/>
        <line num="8" count="0" type="stmt"/>
        <line num="18" count="0" type="stmt"/>
      </file>
      <file name="CustomButton.stories.js" path="/home/saching/Desktop/Bootcamp-21-Green-Commute-testing/final/src/components/atoms/button/CustomButton.stories.js">
        <metrics statements="3" coveredstatements="0" conditionals="0" coveredconditionals="0" methods="1" coveredmethods="0"/>
        <line num="12" count="0" type="stmt"/>
        <line num="14" count="0" type="stmt"/>
        <line num="15" count="0" type="stmt"/>
      </file>
    </package>
    <package name="src.components.atoms.icons">
      <metrics statements="8" coveredstatements="1" conditionals="0" coveredconditionals="0" methods="5" coveredmethods="0"/>
      <file name="CustomisedIcon.jsx" path="/home/saching/Desktop/Bootcamp-21-Green-Commute-testing/final/src/components/atoms/icons/CustomisedIcon.jsx">
        <metrics statements="2" coveredstatements="1" conditionals="0" coveredconditionals="0" methods="2" coveredmethods="0"/>
        <line num="5" count="3" type="stmt"/>
        <line num="15" count="0" type="stmt"/>
      </file>
      <file name="IconInStorybook.js" path="/home/saching/Desktop/Bootcamp-21-Green-Commute-testing/final/src/components/atoms/icons/IconInStorybook.js">
        <metrics statements="3" coveredstatements="0" conditionals="0" coveredconditionals="0" methods="2" coveredmethods="0"/>
        <line num="7" count="0" type="stmt"/>
        <line num="18" count="0" type="stmt"/>
        <line num="19" count="0" type="stmt"/>
      </file>
      <file name="IconInStorybook.stories.js" path="/home/saching/Desktop/Bootcamp-21-Green-Commute-testing/final/src/components/atoms/icons/IconInStorybook.stories.js">
        <metrics statements="3" coveredstatements="0" conditionals="0" coveredconditionals="0" methods="1" coveredmethods="0"/>
        <line num="9" count="0" type="stmt"/>
        <line num="14" count="0" type="stmt"/>
        <line num="16" count="0" type="stmt"/>
      </file>
    </package>
    <package name="src.components.atoms.stepperTab">
      <metrics statements="37" coveredstatements="0" conditionals="6" coveredconditionals="0" methods="14" coveredmethods="0"/>
      <file name="CustomStepperTab.js" path="/home/saching/Desktop/Bootcamp-21-Green-Commute-testing/final/src/components/atoms/stepperTab/CustomStepperTab.js">
        <metrics statements="34" coveredstatements="0" conditionals="6" coveredconditionals="0" methods="13" coveredmethods="0"/>
        <line num="9" count="0" type="stmt"/>
        <line num="27" count="0" type="stmt"/>
        <line num="45" count="0" type="stmt"/>
        <line num="46" count="0" type="stmt"/>
        <line num="47" count="0" type="stmt"/>
        <line num="49" count="0" type="stmt"/>
        <line num="50" count="0" type="stmt"/>
        <line num="53" count="0" type="stmt"/>
        <line num="54" count="0" type="stmt"/>
        <line num="57" count="0" type="stmt"/>
        <line num="58" count="0" type="stmt"/>
        <line num="59" count="0" type="cond" truecount="0" falsecount="2"/>
        <line num="60" count="0" type="stmt"/>
        <line num="61" count="0" type="stmt"/>
        <line num="64" count="0" type="stmt"/>
        <line num="65" count="0" type="stmt"/>
        <line num="68" count="0" type="stmt"/>
        <line num="69" count="0" type="stmt"/>
        <line num="72" count="0" type="stmt"/>
        <line num="73" count="0" type="cond" truecount="0" falsecount="2"/>
        <line num="76" count="0" type="stmt"/>
        <line num="79" count="0" type="stmt"/>
        <line num="80" count="0" type="stmt"/>
        <line num="81" count="0" type="stmt"/>
        <line num="82" count="0" type="stmt"/>
        <line num="83" count="0" type="stmt"/>
        <line num="87" count="0" type="stmt"/>
        <line num="88" count="0" type="stmt"/>
        <line num="91" count="0" type="stmt"/>
        <line num="96" count="0" type="stmt"/>
        <line num="97" count="0" type="stmt"/>
        <line num="99" count="0" type="cond" truecount="0" falsecount="2"/>
        <line num="100" count="0" type="stmt"/>
        <line num="102" count="0" type="stmt"/>
      </file>
      <file name="CustomStepperTab.stories.js" path="/home/saching/Desktop/Bootcamp-21-Green-Commute-testing/final/src/components/atoms/stepperTab/CustomStepperTab.stories.js">
        <metrics statements="3" coveredstatements="0" conditionals="0" coveredconditionals="0" methods="1" coveredmethods="0"/>
        <line num="8" count="0" type="stmt"/>
        <line num="10" count="0" type="stmt"/>
        <line num="11" count="0" type="stmt"/>
      </file>
    </package>
    <package name="src.components.molecules.CustomTextField">
      <metrics statements="5" coveredstatements="2" conditionals="0" coveredconditionals="0" methods="2" coveredmethods="1"/>
      <file name="CustomTextField.js" path="/home/saching/Desktop/Bootcamp-21-Green-Commute-testing/final/src/components/molecules/CustomTextField/CustomTextField.js">
        <metrics statements="2" coveredstatements="2" conditionals="0" coveredconditionals="0" methods="1" coveredmethods="1"/>
        <line num="7" count="1" type="stmt"/>
        <line num="9" count="1" type="stmt"/>
      </file>
      <file name="CustomTextField.stories.js" path="/home/saching/Desktop/Bootcamp-21-Green-Commute-testing/final/src/components/molecules/CustomTextField/CustomTextField.stories.js">
        <metrics statements="3" coveredstatements="0" conditionals="0" coveredconditionals="0" methods="1" coveredmethods="0"/>
        <line num="9" count="0" type="stmt"/>
        <line num="10" count="0" type="stmt"/>
        <line num="12" count="0" type="stmt"/>
      </file>
    </package>
    <package name="src.components.molecules.DescriptionCard">
      <metrics statements="9" coveredstatements="4" conditionals="0" coveredconditionals="0" methods="3" coveredmethods="2"/>
      <file name="DescriptionCard.js" path="/home/saching/Desktop/Bootcamp-21-Green-Commute-testing/final/src/components/molecules/DescriptionCard/DescriptionCard.js">
        <metrics statements="4" coveredstatements="4" conditionals="0" coveredconditionals="0" methods="2" coveredmethods="2"/>
        <line num="9" count="2" type="stmt"/>
        <line num="21" count="2" type="stmt"/>
        <line num="22" count="2" type="stmt"/>
        <line num="24" count="2" type="stmt"/>
      </file>
      <file name="DescriptionCard.stories.js" path="/home/saching/Desktop/Bootcamp-21-Green-Commute-testing/final/src/components/molecules/DescriptionCard/DescriptionCard.stories.js">
        <metrics statements="5" coveredstatements="0" conditionals="0" coveredconditionals="0" methods="1" coveredmethods="0"/>
        <line num="9" count="0" type="stmt"/>
        <line num="11" count="0" type="stmt"/>
        <line num="14" count="0" type="stmt"/>
        <line num="20" count="0" type="stmt"/>
        <line num="23" count="0" type="stmt"/>
      </file>
    </package>
    <package name="src.components.molecules.DescriptionList">
      <metrics statements="10" coveredstatements="4" conditionals="0" coveredconditionals="0" methods="4" coveredmethods="2"/>
      <file name="DescriptionList.js" path="/home/saching/Desktop/Bootcamp-21-Green-Commute-testing/final/src/components/molecules/DescriptionList/DescriptionList.js">
        <metrics statements="7" coveredstatements="4" conditionals="0" coveredconditionals="0" methods="3" coveredmethods="2"/>
        <line num="7" count="2" type="stmt"/>
        <line num="8" count="4" type="stmt"/>
        <line num="24" count="4" type="stmt"/>
        <line num="25" count="4" type="stmt"/>
        <line num="26" count="0" type="stmt"/>
        <line num="27" count="0" type="stmt"/>
        <line num="33" count="0" type="stmt"/>
      </file>
      <file name="DescriptionList.stories.js" path="/home/saching/Desktop/Bootcamp-21-Green-Commute-testing/final/src/components/molecules/DescriptionList/DescriptionList.stories.js">
        <metrics statements="3" coveredstatements="0" conditionals="0" coveredconditionals="0" methods="1" coveredmethods="0"/>
        <line num="9" count="0" type="stmt"/>
        <line num="11" count="0" type="stmt"/>
        <line num="14" count="0" type="stmt"/>
      </file>
    </package>
    <package name="src.components.molecules.FilterBox">
      <metrics statements="36" coveredstatements="0" conditionals="4" coveredconditionals="0" methods="15" coveredmethods="0"/>
      <file name="FilterBox.js" path="/home/saching/Desktop/Bootcamp-21-Green-Commute-testing/final/src/components/molecules/FilterBox/FilterBox.js">
        <metrics statements="33" coveredstatements="0" conditionals="4" coveredconditionals="0" methods="14" coveredmethods="0"/>
        <line num="89" count="0" type="stmt"/>
        <line num="102" count="0" type="stmt"/>
        <line num="151" count="0" type="stmt"/>
        <line num="279" count="0" type="stmt"/>
        <line num="288" count="0" type="stmt"/>
        <line num="295" count="0" type="stmt"/>
        <line num="296" count="0" type="stmt"/>
        <line num="297" count="0" type="stmt"/>
        <line num="298" count="0" type="stmt"/>
        <line num="315" count="0" type="stmt"/>
        <line num="323" count="0" type="stmt"/>
        <line num="324" count="0" type="stmt"/>
        <line num="326" count="0" type="stmt"/>
        <line num="327" count="0" type="stmt"/>
        <line num="329" count="0" type="stmt"/>
        <line num="330" count="0" type="stmt"/>
        <line num="334" count="0" type="stmt"/>
        <line num="335" count="0" type="stmt"/>
        <line num="336" count="0" type="stmt"/>
        <line num="337" count="0" type="cond" truecount="0" falsecount="2"/>
        <line num="338" count="0" type="stmt"/>
        <line num="339" count="0" type="stmt"/>
        <line num="340" count="0" type="stmt"/>
        <line num="344" count="0" type="stmt"/>
        <line num="345" count="0" type="stmt"/>
        <line num="346" count="0" type="stmt"/>
        <line num="352" count="0" type="stmt"/>
        <line num="357" count="0" type="stmt"/>
        <line num="358" count="0" type="stmt"/>
        <line num="360" count="0" type="stmt"/>
        <line num="365" count="0" type="stmt"/>
        <line num="366" count="0" type="stmt"/>
        <line num="369" count="0" type="stmt"/>
      </file>
      <file name="FilterBox.stories.js" path="/home/saching/Desktop/Bootcamp-21-Green-Commute-testing/final/src/components/molecules/FilterBox/FilterBox.stories.js">
        <metrics statements="3" coveredstatements="0" conditionals="0" coveredconditionals="0" methods="1" coveredmethods="0"/>
        <line num="10" count="0" type="stmt"/>
        <line num="12" count="0" type="stmt"/>
        <line num="15" count="0" type="stmt"/>
      </file>
    </package>
    <package name="src.components.molecules.FilterOptions">
      <metrics statements="22" coveredstatements="0" conditionals="2" coveredconditionals="0" methods="9" coveredmethods="0"/>
      <file name="FilterOptions.js" path="/home/saching/Desktop/Bootcamp-21-Green-Commute-testing/final/src/components/molecules/FilterOptions/FilterOptions.js">
        <metrics statements="22" coveredstatements="0" conditionals="2" coveredconditionals="0" methods="9" coveredmethods="0"/>
        <line num="17" count="0" type="stmt"/>
        <line num="89" count="0" type="stmt"/>
        <line num="90" count="0" type="stmt"/>
        <line num="93" count="0" type="stmt"/>
        <line num="96" count="0" type="stmt"/>
        <line num="97" count="0" type="stmt"/>
        <line num="105" count="0" type="stmt"/>
        <line num="106" count="0" type="stmt"/>
        <line num="107" count="0" type="stmt"/>
        <line num="111" count="0" type="stmt"/>
        <line num="112" count="0" type="stmt"/>
        <line num="114" count="0" type="stmt"/>
        <line num="116" count="0" type="stmt"/>
        <line num="117" count="0" type="stmt"/>
        <line num="118" count="0" type="stmt"/>
        <line num="121" count="0" type="stmt"/>
        <line num="122" count="0" type="stmt"/>
        <line num="125" count="0" type="stmt"/>
        <line num="126" count="0" type="stmt"/>
        <line num="127" count="0" type="stmt"/>
        <line num="135" count="0" type="stmt"/>
        <line num="143" count="0" type="stmt"/>
      </file>
    </package>
    <package name="src.components.molecules.JobCard">
      <metrics statements="7" coveredstatements="3" conditionals="2" coveredconditionals="1" methods="3" coveredmethods="1"/>
      <file name="JobCard.js" path="/home/saching/Desktop/Bootcamp-21-Green-Commute-testing/final/src/components/molecules/JobCard/JobCard.js">
        <metrics statements="4" coveredstatements="3" conditionals="2" coveredconditionals="1" methods="2" coveredmethods="1"/>
        <line num="16" count="1" type="stmt"/>
        <line num="114" count="11" type="stmt"/>
        <line num="115" count="11" type="stmt"/>
        <line num="157" count="0" type="stmt"/>
      </file>
      <file name="JobCard.stories.js" path="/home/saching/Desktop/Bootcamp-21-Green-Commute-testing/final/src/components/molecules/JobCard/JobCard.stories.js">
        <metrics statements="3" coveredstatements="0" conditionals="0" coveredconditionals="0" methods="1" coveredmethods="0"/>
        <line num="15" count="0" type="stmt"/>
        <line num="17" count="0" type="stmt"/>
        <line num="20" count="0" type="stmt"/>
      </file>
    </package>
    <package name="src.components.molecules.JobCardInfo">
      <metrics statements="7" coveredstatements="4" conditionals="0" coveredconditionals="0" methods="3" coveredmethods="2"/>
      <file name="JobCardInfo.js" path="/home/saching/Desktop/Bootcamp-21-Green-Commute-testing/final/src/components/molecules/JobCardInfo/JobCardInfo.js">
        <metrics statements="4" coveredstatements="4" conditionals="0" coveredconditionals="0" methods="2" coveredmethods="2"/>
        <line num="9" count="2" type="stmt"/>
        <line num="11" count="7" type="stmt"/>
        <line num="43" count="7" type="stmt"/>
        <line num="45" count="7" type="stmt"/>
      </file>
      <file name="JobCardInfo.stories.js" path="/home/saching/Desktop/Bootcamp-21-Green-Commute-testing/final/src/components/molecules/JobCardInfo/JobCardInfo.stories.js">
        <metrics statements="3" coveredstatements="0" conditionals="0" coveredconditionals="0" methods="1" coveredmethods="0"/>
        <line num="9" count="0" type="stmt"/>
        <line num="11" count="0" type="stmt"/>
        <line num="14" count="0" type="stmt"/>
      </file>
    </package>
    <package name="src.components.molecules.JobCardsmall">
      <metrics statements="7" coveredstatements="3" conditionals="2" coveredconditionals="1" methods="3" coveredmethods="1"/>
      <file name="JobCardSmall.js" path="/home/saching/Desktop/Bootcamp-21-Green-Commute-testing/final/src/components/molecules/JobCardsmall/JobCardSmall.js">
        <metrics statements="4" coveredstatements="3" conditionals="2" coveredconditionals="1" methods="2" coveredmethods="1"/>
        <line num="16" count="1" type="stmt"/>
        <line num="115" count="15" type="stmt"/>
        <line num="116" count="15" type="stmt"/>
        <line num="153" count="0" type="stmt"/>
      </file>
      <file name="JobCardSmall.stories.js" path="/home/saching/Desktop/Bootcamp-21-Green-Commute-testing/final/src/components/molecules/JobCardsmall/JobCardSmall.stories.js">
        <metrics statements="3" coveredstatements="0" conditionals="0" coveredconditionals="0" methods="1" coveredmethods="0"/>
        <line num="15" count="0" type="stmt"/>
        <line num="17" count="0" type="stmt"/>
        <line num="20" count="0" type="stmt"/>
      </file>
    </package>
    <package name="src.components.molecules.LocationListItem">
      <metrics statements="6" coveredstatements="3" conditionals="0" coveredconditionals="0" methods="3" coveredmethods="2"/>
      <file name="LocationListItem.js" path="/home/saching/Desktop/Bootcamp-21-Green-Commute-testing/final/src/components/molecules/LocationListItem/LocationListItem.js">
        <metrics statements="3" coveredstatements="3" conditionals="0" coveredconditionals="0" methods="2" coveredmethods="2"/>
        <line num="17" count="6" type="stmt"/>
        <line num="37" count="6" type="stmt"/>
        <line num="39" count="6" type="stmt"/>
      </file>
      <file name="LocationListItem.stories.js" path="/home/saching/Desktop/Bootcamp-21-Green-Commute-testing/final/src/components/molecules/LocationListItem/LocationListItem.stories.js">
        <metrics statements="3" coveredstatements="0" conditionals="0" coveredconditionals="0" methods="1" coveredmethods="0"/>
        <line num="9" count="0" type="stmt"/>
        <line num="11" count="0" type="stmt"/>
        <line num="14" count="0" type="stmt"/>
      </file>
    </package>
    <package name="src.components.molecules.MapCardInfo">
      <metrics statements="6" coveredstatements="3" conditionals="0" coveredconditionals="0" methods="3" coveredmethods="2"/>
      <file name="MapCardInfo.js" path="/home/saching/Desktop/Bootcamp-21-Green-Commute-testing/final/src/components/molecules/MapCardInfo/MapCardInfo.js">
        <metrics statements="3" coveredstatements="3" conditionals="0" coveredconditionals="0" methods="2" coveredmethods="2"/>
        <line num="16" count="15" type="stmt"/>
        <line num="116" count="15" type="stmt"/>
        <line num="118" count="15" type="stmt"/>
      </file>
      <file name="MapCardInfo.stories.js" path="/home/saching/Desktop/Bootcamp-21-Green-Commute-testing/final/src/components/molecules/MapCardInfo/MapCardInfo.stories.js">
        <metrics statements="3" coveredstatements="0" conditionals="0" coveredconditionals="0" methods="1" coveredmethods="0"/>
        <line num="9" count="0" type="stmt"/>
        <line num="11" count="0" type="stmt"/>
        <line num="14" count="0" type="stmt"/>
      </file>
    </package>
    <package name="src.components.molecules.MyListItem">
      <metrics statements="5" coveredstatements="3" conditionals="0" coveredconditionals="0" methods="3" coveredmethods="2"/>
      <file name="MyListItem.js" path="/home/saching/Desktop/Bootcamp-21-Green-Commute-testing/final/src/components/molecules/MyListItem/MyListItem.js">
        <metrics statements="3" coveredstatements="3" conditionals="0" coveredconditionals="0" methods="2" coveredmethods="2"/>
        <line num="11" count="4" type="stmt"/>
        <line num="39" count="4" type="stmt"/>
        <line num="40" count="4" type="stmt"/>
      </file>
      <file name="MyListItem.stories.js" path="/home/saching/Desktop/Bootcamp-21-Green-Commute-testing/final/src/components/molecules/MyListItem/MyListItem.stories.js">
        <metrics statements="2" coveredstatements="0" conditionals="0" coveredconditionals="0" methods="1" coveredmethods="0"/>
        <line num="11" count="0" type="stmt"/>
        <line num="13" count="0" type="stmt"/>
      </file>
    </package>
    <package name="src.components.molecules.ProfileItem">
      <metrics statements="6" coveredstatements="3" conditionals="0" coveredconditionals="0" methods="3" coveredmethods="2"/>
      <file name="ProfileItem.js" path="/home/saching/Desktop/Bootcamp-21-Green-Commute-testing/final/src/components/molecules/ProfileItem/ProfileItem.js">
        <metrics statements="3" coveredstatements="3" conditionals="0" coveredconditionals="0" methods="2" coveredmethods="2"/>
        <line num="21" count="13" type="stmt"/>
        <line num="50" count="13" type="stmt"/>
        <line num="52" count="13" type="stmt"/>
      </file>
      <file name="ProfileItem.stories.js" path="/home/saching/Desktop/Bootcamp-21-Green-Commute-testing/final/src/components/molecules/ProfileItem/ProfileItem.stories.js">
        <metrics statements="3" coveredstatements="0" conditionals="0" coveredconditionals="0" methods="1" coveredmethods="0"/>
        <line num="10" count="0" type="stmt"/>
        <line num="12" count="0" type="stmt"/>
        <line num="15" count="0" type="stmt"/>
      </file>
    </package>
    <package name="src.components.molecules.TextField">
      <metrics statements="16" coveredstatements="12" conditionals="6" coveredconditionals="4" methods="5" coveredmethods="1"/>
      <file name="TextField.js" path="/home/saching/Desktop/Bootcamp-21-Green-Commute-testing/final/src/components/molecules/TextField/TextField.js">
        <metrics statements="16" coveredstatements="12" conditionals="6" coveredconditionals="4" methods="5" coveredmethods="1"/>
        <line num="15" count="2" type="stmt"/>
        <line num="21" count="2" type="stmt"/>
        <line num="110" count="2" type="stmt"/>
        <line num="162" count="2" type="stmt"/>
        <line num="210" count="30" type="stmt"/>
        <line num="212" count="30" type="stmt"/>
        <line num="213" count="0" type="stmt"/>
        <line num="254" count="30" type="stmt"/>
        <line num="266" count="30" type="stmt"/>
        <line num="271" count="0" type="stmt"/>
        <line num="273" count="30" type="stmt"/>
        <line num="274" count="30" type="stmt"/>
        <line num="275" count="30" type="stmt"/>
        <line num="291" count="0" type="stmt"/>
        <line num="300" count="0" type="stmt"/>
        <line num="329" count="2" type="stmt"/>
      </file>
    </package>
    <package name="src.components.molecules.TravelInfoCard">
      <metrics statements="13" coveredstatements="9" conditionals="2" coveredconditionals="2" methods="6" coveredmethods="4"/>
      <file name="TravelInfoCard.js" path="/home/saching/Desktop/Bootcamp-21-Green-Commute-testing/final/src/components/molecules/TravelInfoCard/TravelInfoCard.js">
        <metrics statements="10" coveredstatements="9" conditionals="2" coveredconditionals="2" methods="5" coveredmethods="4"/>
        <line num="22" count="125" type="stmt"/>
        <line num="24" count="124" type="stmt"/>
        <line num="43" count="1" type="stmt"/>
        <line num="50" count="124" type="stmt"/>
        <line num="57" count="31" type="stmt"/>
        <line num="169" count="31" type="stmt"/>
        <line num="170" count="31" type="stmt"/>
        <line num="172" count="31" type="stmt"/>
        <line num="173" count="0" type="stmt"/>
        <line num="176" count="31" type="stmt"/>
      </file>
      <file name="TravelInfoCard.stories.js" path="/home/saching/Desktop/Bootcamp-21-Green-Commute-testing/final/src/components/molecules/TravelInfoCard/TravelInfoCard.stories.js">
        <metrics statements="3" coveredstatements="0" conditionals="0" coveredconditionals="0" methods="1" coveredmethods="0"/>
        <line num="9" count="0" type="stmt"/>
        <line num="11" count="0" type="stmt"/>
        <line num="14" count="0" type="stmt"/>
      </file>
    </package>
    <package name="src.components.molecules.TravelOptionCard">
      <metrics statements="8" coveredstatements="8" conditionals="0" coveredconditionals="0" methods="3" coveredmethods="2"/>
      <file name="TravelOptionCard.js" path="/home/saching/Desktop/Bootcamp-21-Green-Commute-testing/final/src/components/molecules/TravelOptionCard/TravelOptionCard.js">
        <metrics statements="3" coveredstatements="3" conditionals="0" coveredconditionals="0" methods="2" coveredmethods="2"/>
        <line num="10" count="6" type="stmt"/>
        <line num="78" count="6" type="stmt"/>
        <line num="80" count="6" type="stmt"/>
      </file>
      <file name="TravelOptionCard.stories.js" path="/home/saching/Desktop/Bootcamp-21-Green-Commute-testing/final/src/components/molecules/TravelOptionCard/TravelOptionCard.stories.js">
        <metrics statements="5" coveredstatements="5" conditionals="0" coveredconditionals="0" methods="1" coveredmethods="0"/>
        <line num="9" count="1" type="stmt"/>
        <line num="11" count="1" type="stmt"/>
        <line num="13" count="1" type="stmt"/>
        <line num="19" count="1" type="stmt"/>
        <line num="21" count="1" type="stmt"/>
      </file>
    </package>
    <package name="src.components.molecules.aqi">
      <metrics statements="8" coveredstatements="1" conditionals="5" coveredconditionals="3" methods="2" coveredmethods="1"/>
      <file name="aqi.js" path="/home/saching/Desktop/Bootcamp-21-Green-Commute-testing/final/src/components/molecules/aqi/aqi.js">
        <metrics statements="1" coveredstatements="1" conditionals="5" coveredconditionals="3" methods="1" coveredmethods="1"/>
        <line num="8" count="5" type="stmt"/>
      </file>
      <file name="aqi.stories.js" path="/home/saching/Desktop/Bootcamp-21-Green-Commute-testing/final/src/components/molecules/aqi/aqi.stories.js">
        <metrics statements="7" coveredstatements="0" conditionals="0" coveredconditionals="0" methods="1" coveredmethods="0"/>
        <line num="11" count="0" type="stmt"/>
        <line num="13" count="0" type="stmt"/>
        <line num="14" count="0" type="stmt"/>
        <line num="25" count="0" type="stmt"/>
        <line num="26" count="0" type="stmt"/>
        <line num="40" count="0" type="stmt"/>
        <line num="41" count="0" type="stmt"/>
      </file>
    </package>
    <package name="src.components.molecules.searchTab">
      <metrics statements="16" coveredstatements="0" conditionals="2" coveredconditionals="0" methods="6" coveredmethods="0"/>
      <file name="jobSearch.js" path="/home/saching/Desktop/Bootcamp-21-Green-Commute-testing/final/src/components/molecules/searchTab/jobSearch.js">
        <metrics statements="13" coveredstatements="0" conditionals="2" coveredconditionals="0" methods="5" coveredmethods="0"/>
        <line num="12" count="0" type="stmt"/>
        <line num="23" count="0" type="stmt"/>
        <line num="66" count="0" type="stmt"/>
        <line num="67" count="0" type="stmt"/>
        <line num="69" count="0" type="stmt"/>
        <line num="71" count="0" type="stmt"/>
        <line num="73" count="0" type="stmt"/>
        <line num="76" count="0" type="stmt"/>
        <line num="79" count="0" type="cond" truecount="0" falsecount="2"/>
        <line num="80" count="0" type="stmt"/>
        <line num="87" count="0" type="stmt"/>
        <line num="89" count="0" type="stmt"/>
        <line num="110" count="0" type="stmt"/>
      </file>
      <file name="jobSearch.stories.js" path="/home/saching/Desktop/Bootcamp-21-Green-Commute-testing/final/src/components/molecules/searchTab/jobSearch.stories.js">
        <metrics statements="3" coveredstatements="0" conditionals="0" coveredconditionals="0" methods="1" coveredmethods="0"/>
        <line num="10" count="0" type="stmt"/>
        <line num="12" count="0" type="stmt"/>
        <line num="15" count="0" type="stmt"/>
      </file>
    </package>
    <package name="src.components.molecules.select">
      <metrics statements="18" coveredstatements="12" conditionals="6" coveredconditionals="4" methods="6" coveredmethods="1"/>
      <file name="select.js" path="/home/saching/Desktop/Bootcamp-21-Green-Commute-testing/final/src/components/molecules/select/select.js">
        <metrics statements="16" coveredstatements="12" conditionals="6" coveredconditionals="4" methods="5" coveredmethods="1"/>
        <line num="16" count="3" type="stmt"/>
        <line num="22" count="3" type="stmt"/>
        <line num="111" count="3" type="stmt"/>
        <line num="163" count="3" type="stmt"/>
        <line num="211" count="26" type="stmt"/>
        <line num="213" count="26" type="stmt"/>
        <line num="214" count="0" type="stmt"/>
        <line num="255" count="26" type="stmt"/>
        <line num="267" count="26" type="stmt"/>
        <line num="272" count="0" type="stmt"/>
        <line num="274" count="26" type="stmt"/>
        <line num="275" count="26" type="stmt"/>
        <line num="276" count="26" type="stmt"/>
        <line num="293" count="0" type="stmt"/>
        <line num="302" count="0" type="stmt"/>
        <line num="331" count="3" type="stmt"/>
      </file>
      <file name="select.stories.js" path="/home/saching/Desktop/Bootcamp-21-Green-Commute-testing/final/src/components/molecules/select/select.stories.js">
        <metrics statements="2" coveredstatements="0" conditionals="0" coveredconditionals="0" methods="1" coveredmethods="0"/>
        <line num="9" count="0" type="stmt"/>
        <line num="10" count="0" type="stmt"/>
      </file>
    </package>
    <package name="src.components.molecules.select field">
      <metrics statements="18" coveredstatements="12" conditionals="6" coveredconditionals="4" methods="6" coveredmethods="1"/>
      <file name="select.js" path="/home/saching/Desktop/Bootcamp-21-Green-Commute-testing/final/src/components/molecules/select field/select.js">
        <metrics statements="16" coveredstatements="12" conditionals="6" coveredconditionals="4" methods="5" coveredmethods="1"/>
        <line num="16" count="3" type="stmt"/>
        <line num="22" count="3" type="stmt"/>
        <line num="111" count="3" type="stmt"/>
        <line num="163" count="3" type="stmt"/>
        <line num="211" count="26" type="stmt"/>
        <line num="213" count="26" type="stmt"/>
        <line num="214" count="0" type="stmt"/>
        <line num="255" count="26" type="stmt"/>
        <line num="267" count="26" type="stmt"/>
        <line num="272" count="0" type="stmt"/>
        <line num="274" count="26" type="stmt"/>
        <line num="275" count="26" type="stmt"/>
        <line num="276" count="26" type="stmt"/>
        <line num="293" count="0" type="stmt"/>
        <line num="302" count="0" type="stmt"/>
        <line num="331" count="3" type="stmt"/>
      </file>
      <file name="select.stories.js" path="/home/saching/Desktop/Bootcamp-21-Green-Commute-testing/final/src/components/molecules/select field/select.stories.js">
        <metrics statements="2" coveredstatements="0" conditionals="0" coveredconditionals="0" methods="1" coveredmethods="0"/>
        <line num="9" count="0" type="stmt"/>
        <line num="10" count="0" type="stmt"/>
      </file>
    </package>
    <package name="src.components.molecules.stepper">
      <metrics statements="46" coveredstatements="22" conditionals="18" coveredconditionals="8" methods="17" coveredmethods="5"/>
      <file name="CustomStepper.js" path="/home/saching/Desktop/Bootcamp-21-Green-Commute-testing/final/src/components/molecules/stepper/CustomStepper.js">
        <metrics statements="43" coveredstatements="22" conditionals="18" coveredconditionals="8" methods="16" coveredmethods="5"/>
        <line num="17" count="2" type="stmt"/>
        <line num="35" count="15" type="stmt"/>
        <line num="80" count="15" type="stmt"/>
        <line num="81" count="15" type="stmt"/>
        <line num="82" count="15" type="stmt"/>
        <line num="83" count="15" type="stmt"/>
        <line num="85" count="15" type="stmt"/>
        <line num="87" count="15" type="stmt"/>
        <line num="88" count="15" type="stmt"/>
        <line num="91" count="15" type="stmt"/>
        <line num="92" count="45" type="stmt"/>
        <line num="95" count="15" type="stmt"/>
        <line num="96" count="0" type="stmt"/>
        <line num="97" count="0" type="cond" truecount="0" falsecount="2"/>
        <line num="98" count="0" type="stmt"/>
        <line num="99" count="0" type="stmt"/>
        <line num="102" count="0" type="stmt"/>
        <line num="103" count="0" type="stmt"/>
        <line num="106" count="15" type="stmt"/>
        <line num="107" count="0" type="stmt"/>
        <line num="110" count="15" type="stmt"/>
        <line num="111" count="0" type="cond" truecount="0" falsecount="2"/>
        <line num="114" count="0" type="stmt"/>
        <line num="117" count="0" type="stmt"/>
        <line num="118" count="0" type="stmt"/>
        <line num="119" count="0" type="stmt"/>
        <line num="120" count="0" type="stmt"/>
        <line num="121" count="0" type="stmt"/>
        <line num="125" count="15" type="stmt"/>
        <line num="126" count="0" type="stmt"/>
        <line num="128" count="15" type="stmt"/>
        <line num="129" count="15" type="stmt"/>
        <line num="131" count="0" type="stmt"/>
        <line num="133" count="15" type="stmt"/>
        <line num="138" count="45" type="stmt"/>
        <line num="139" count="45" type="stmt"/>
        <line num="141" count="45" type="cond" truecount="1" falsecount="1"/>
        <line num="142" count="0" type="stmt"/>
        <line num="144" count="45" type="stmt"/>
        <line num="166" count="0" type="stmt"/>
        <line num="167" count="0" type="stmt"/>
        <line num="177" count="0" type="stmt"/>
        <line num="178" count="0" type="stmt"/>
      </file>
      <file name="CustomStepper.stories.js" path="/home/saching/Desktop/Bootcamp-21-Green-Commute-testing/final/src/components/molecules/stepper/CustomStepper.stories.js">
        <metrics statements="3" coveredstatements="0" conditionals="0" coveredconditionals="0" methods="1" coveredmethods="0"/>
        <line num="8" count="0" type="stmt"/>
        <line num="10" count="0" type="stmt"/>
        <line num="11" count="0" type="stmt"/>
      </file>
    </package>
  </project>
</coverage>
