TN:
SF:src/App.js
FN:15,(anonymous_0)
FNF:1
FNH:0
FNDA:0,(anonymous_0)
DA:15,0
DA:16,0
LF:2
LH:0
BRF:0
BRH:0
end_of_record
TN:
SF:src/Stuff.js
FN:3,Stuff
FNF:1
FNH:0
FNDA:0,Stuff
DA:5,0
LF:1
LH:0
BRF:0
BRH:0
end_of_record
TN:
SF:src/index.js
FNF:0
FNH:0
DA:6,0
LF:1
LH:0
BRF:0
BRH:0
end_of_record
TN:
SF:src/components/index.js
FNF:0
FNH:0
LF:0
LH:0
BRF:0
BRH:0
end_of_record
TN:
SF:src/components/theme.jsx
FNF:0
FNH:0
DA:3,20
LF:1
LH:1
BRF:0
BRH:0
end_of_record
TN:
SF:src/components/Organism/JobLocation/JobLocation.js
FN:6,(anonymous_0)
FN:33,JobLocation
FNF:2
FNH:2
FNDA:3,(anonymous_0)
FNDA:3,JobLocation
DA:6,3
DA:20,1
DA:34,3
DA:35,3
LF:4
LH:4
BRF:0
BRH:0
end_of_record
TN:
SF:src/components/Organism/JobLocation/JobLocation.stories.js
FN:12,(anonymous_0)
FNF:1
FNH:0
FNDA:0,(anonymous_0)
DA:12,0
DA:14,0
LF:2
LH:0
BRF:0
BRH:0
end_of_record
TN:
SF:src/components/Organism/RenderJobCard/RenderJobCardsForPage2.js
FN:15,RenderJobCardsForPage2
FN:34,(anonymous_1)
FNF:2
FNH:0
FNDA:0,RenderJobCardsForPage2
FNDA:0,(anonymous_1)
DA:19,0
DA:20,0
DA:36,0
LF:3
LH:0
BRF:0
BRH:0
end_of_record
TN:
SF:src/components/Organism/RenderJobCard/RenderJobCardsForPage2.stories.js
FN:8,(anonymous_0)
FNF:1
FNH:0
FNDA:0,(anonymous_0)
DA:8,0
DA:12,0
DA:14,0
LF:3
LH:0
BRF:0
BRH:0
end_of_record
TN:
SF:src/components/Organism/RenderJobCard/RenderJobCardsForPage3.js
FN:17,RenderJobCardsForPage3
FN:24,(anonymous_1)
FNF:2
FNH:0
FNDA:0,RenderJobCardsForPage3
FNDA:0,(anonymous_1)
DA:20,0
DA:21,0
DA:26,0
LF:3
LH:0
BRF:0
BRH:0
end_of_record
TN:
SF:src/components/Organism/RenderJobCard/RenderJobCardsForPage3.stories.js
FN:8,(anonymous_0)
FNF:1
FNH:0
FNDA:0,(anonymous_0)
DA:8,0
DA:12,0
DA:14,0
LF:3
LH:0
BRF:0
BRH:0
end_of_record
TN:
SF:src/components/Organism/RenderJobCard/jobCardDescription.js
FNF:0
FNH:0
DA:1,0
LF:1
LH:0
BRF:0
BRH:0
end_of_record
TN:
SF:src/components/Organism/RenderJobCard/jobCardDetails.js
FNF:0
FNH:0
DA:1,0
LF:1
LH:0
BRF:0
BRH:0
end_of_record
TN:
SF:src/components/Organism/RightGrid/Right.js
FN:15,(anonymous_0)
FN:17,(anonymous_1)
FNF:2
FNH:2
FNDA:1,(anonymous_0)
FNDA:1,(anonymous_1)
DA:15,1
DA:17,1
DA:78,1
DA:80,1
LF:4
LH:4
BRF:0
BRH:0
end_of_record
TN:
SF:src/components/Organism/RightGrid/Right.stories.js
FN:9,(anonymous_0)
FNF:1
FNH:0
FNDA:0,(anonymous_0)
DA:9,0
DA:11,0
DA:14,0
LF:3
LH:0
BRF:0
BRH:0
end_of_record
TN:
SF:src/components/Organism/RightMapGrid/RightMap.js
FN:19,(anonymous_0)
FN:21,(anonymous_1)
FNF:2
FNH:0
FNDA:0,(anonymous_0)
FNDA:0,(anonymous_1)
DA:19,0
DA:21,0
DA:87,0
DA:89,0
LF:4
LH:0
BRF:0
BRH:0
end_of_record
TN:
SF:src/components/Organism/RightMapGrid/RightMap.stories.js
FN:9,(anonymous_0)
FNF:1
FNH:0
FNDA:0,(anonymous_0)
DA:9,0
DA:11,0
DA:14,0
LF:3
LH:0
BRF:0
BRH:0
end_of_record
TN:
SF:src/components/Organism/SideNavBar/SideNavBar.js
FN:28,Boom
FN:32,(anonymous_1)
FN:45,SideNavBar
FN:50,(anonymous_3)
FN:91,(anonymous_4)
FN:195,(anonymous_5)
FN:200,(anonymous_6)
FN:214,(anonymous_7)
FNF:8
FNH:3
FNDA:0,Boom
FNDA:0,(anonymous_1)
FNDA:3,SideNavBar
FNDA:0,(anonymous_3)
FNDA:2,(anonymous_4)
FNDA:16,(anonymous_5)
FNDA:0,(anonymous_6)
FNDA:0,(anonymous_7)
DA:29,0
DA:30,0
DA:31,0
DA:33,0
DA:47,3
DA:50,2
DA:51,0
DA:55,2
DA:91,2
DA:181,2
DA:183,2
DA:196,16
DA:197,16
DA:198,2
DA:200,0
DA:212,14
DA:214,0
LF:17
LH:10
BRDA:197,0,0,2
BRDA:197,0,1,14
BRDA:200,1,0,0
BRDA:200,1,1,2
BRDA:204,2,0,0
BRDA:204,2,1,2
BRDA:206,3,0,0
BRDA:206,3,1,2
BRDA:214,4,0,2
BRDA:214,4,1,12
BRDA:218,5,0,2
BRDA:218,5,1,12
BRDA:220,6,0,2
BRDA:220,6,1,12
BRF:14
BRH:11
end_of_record
TN:
SF:src/components/Organism/SideNavBar/SideNavBar.stories.js
FN:8,(anonymous_0)
FNF:1
FNH:0
FNDA:0,(anonymous_0)
DA:8,0
DA:12,0
DA:14,0
LF:3
LH:0
BRF:0
BRH:0
end_of_record
TN:
SF:src/components/Organism/TopNavigation/TopNavigation.js
FN:5,(anonymous_0)
FN:7,(anonymous_1)
FNF:2
FNH:2
FNDA:1,(anonymous_0)
FNDA:1,(anonymous_1)
DA:5,1
DA:7,1
DA:10,1
DA:11,1
DA:13,1
LF:5
LH:5
BRF:0
BRH:0
end_of_record
TN:
SF:src/components/Organism/TopNavigation/TopNavigation.stories.js
FN:10,(anonymous_0)
FNF:1
FNH:0
FNDA:0,(anonymous_0)
DA:10,0
DA:12,0
DA:15,0
LF:3
LH:0
BRF:0
BRH:0
end_of_record
TN:
SF:src/components/atoms/Checkbox/Checkbox.js
FNF:0
FNH:0
DA:7,0
LF:1
LH:0
BRF:0
BRH:0
end_of_record
TN:
SF:src/components/atoms/Checkbox/Checkbox.stories.js
FN:12,(anonymous_0)
FNF:1
FNH:0
FNDA:0,(anonymous_0)
DA:12,0
DA:14,0
LF:2
LH:0
BRF:0
BRH:0
end_of_record
TN:
SF:src/components/atoms/MyImage/MyImage.js
FN:4,(anonymous_0)
FNF:1
FNH:1
FNDA:68,(anonymous_0)
DA:4,10
DA:5,68
LF:2
LH:2
BRF:0
BRH:0
end_of_record
TN:
SF:src/components/atoms/MyImage/MyImage.stories.js
FN:9,(anonymous_0)
FNF:1
FNH:0
FNDA:0,(anonymous_0)
DA:9,0
DA:11,0
DA:13,0
DA:20,0
DA:22,0
DA:30,0
DA:32,0
DA:39,0
DA:41,0
LF:9
LH:0
BRF:0
BRH:0
end_of_record
TN:
SF:src/components/atoms/MyTypography/MyTypography.js
FN:4,(anonymous_0)
FNF:1
FNH:1
FNDA:1,(anonymous_0)
DA:4,14
DA:5,1
LF:2
LH:2
BRF:0
BRH:0
end_of_record
TN:
SF:src/components/atoms/MyTypography/MyTypography.stories.js
FN:9,(anonymous_0)
FNF:1
FNH:0
FNDA:0,(anonymous_0)
DA:9,1
DA:11,1
DA:13,1
DA:104,1
DA:106,1
LF:5
LH:5
BRF:0
BRH:0
end_of_record
TN:
SF:src/components/atoms/TextField/CustomTextFieldForJobLocation.js
FN:26,CustomTextFieldForJobLocation
FNF:1
FNH:0
FNDA:0,CustomTextFieldForJobLocation
DA:7,0
DA:27,0
DA:28,0
LF:3
LH:0
BRF:0
BRH:0
end_of_record
TN:
SF:src/components/atoms/TextField/CustomTextFieldForJobSearch.js
FN:26,CustomTextFieldForJobSearch
FNF:1
FNH:0
FNDA:0,CustomTextFieldForJobSearch
DA:7,0
DA:27,0
DA:29,0
LF:3
LH:0
BRF:0
BRH:0
end_of_record
TN:
SF:src/components/atoms/button/CustomButton.js
FN:6,(anonymous_0)
FNF:1
FNH:0
FNDA:0,(anonymous_0)
DA:6,0
DA:7,0
DA:8,0
DA:18,0
LF:4
LH:0
BRF:0
BRH:0
end_of_record
TN:
SF:src/components/atoms/button/CustomButton.stories.js
FN:12,(anonymous_0)
FNF:1
FNH:0
FNDA:0,(anonymous_0)
DA:12,0
DA:14,0
DA:15,0
LF:3
LH:0
BRF:0
BRH:0
end_of_record
TN:
SF:src/components/atoms/icons/CustomisedIcon.jsx
FN:5,(anonymous_0)
FN:13,CustomisedIcon
FNF:2
FNH:0
FNDA:0,(anonymous_0)
FNDA:0,CustomisedIcon
DA:5,3
DA:15,0
LF:2
LH:1
BRF:0
BRH:0
end_of_record
TN:
SF:src/components/atoms/icons/IconInStorybook.js
FN:6,IconInStorybook
FN:7,(anonymous_1)
FNF:2
FNH:0
FNDA:0,IconInStorybook
FNDA:0,(anonymous_1)
DA:7,0
DA:18,0
DA:19,0
LF:3
LH:0
BRF:0
BRH:0
end_of_record
TN:
SF:src/components/atoms/icons/IconInStorybook.stories.js
FN:9,(anonymous_0)
FNF:1
FNH:0
FNDA:0,(anonymous_0)
DA:9,0
DA:14,0
DA:16,0
LF:3
LH:0
BRF:0
BRH:0
end_of_record
TN:
SF:src/components/atoms/stepperTab/CustomStepperTab.js
FN:27,(anonymous_0)
FN:44,HorizontalLinearStepper
FN:49,(anonymous_2)
FN:53,(anonymous_3)
FN:57,(anonymous_4)
FN:64,(anonymous_5)
FN:68,(anonymous_6)
FN:69,(anonymous_7)
FN:72,(anonymous_8)
FN:79,(anonymous_9)
FN:80,(anonymous_10)
FN:87,(anonymous_11)
FN:95,(anonymous_12)
FNF:13
FNH:0
FNDA:0,(anonymous_0)
FNDA:0,HorizontalLinearStepper
FNDA:0,(anonymous_2)
FNDA:0,(anonymous_3)
FNDA:0,(anonymous_4)
FNDA:0,(anonymous_5)
FNDA:0,(anonymous_6)
FNDA:0,(anonymous_7)
FNDA:0,(anonymous_8)
FNDA:0,(anonymous_9)
FNDA:0,(anonymous_10)
FNDA:0,(anonymous_11)
FNDA:0,(anonymous_12)
DA:9,0
DA:27,0
DA:45,0
DA:46,0
DA:47,0
DA:49,0
DA:50,0
DA:53,0
DA:54,0
DA:57,0
DA:58,0
DA:59,0
DA:60,0
DA:61,0
DA:64,0
DA:65,0
DA:68,0
DA:69,0
DA:72,0
DA:73,0
DA:76,0
DA:79,0
DA:80,0
DA:81,0
DA:82,0
DA:83,0
DA:87,0
DA:88,0
DA:91,0
DA:96,0
DA:97,0
DA:99,0
DA:100,0
DA:102,0
LF:34
LH:0
BRDA:59,0,0,0
BRDA:59,0,1,0
BRDA:73,1,0,0
BRDA:73,1,1,0
BRDA:99,2,0,0
BRDA:99,2,1,0
BRF:6
BRH:0
end_of_record
TN:
SF:src/components/atoms/stepperTab/CustomStepperTab.stories.js
FN:8,(anonymous_0)
FNF:1
FNH:0
FNDA:0,(anonymous_0)
DA:8,0
DA:10,0
DA:11,0
LF:3
LH:0
BRF:0
BRH:0
end_of_record
TN:
SF:src/components/molecules/CustomTextField/CustomTextField.js
FN:7,(anonymous_0)
FNF:1
FNH:1
FNDA:1,(anonymous_0)
DA:7,1
DA:9,1
LF:2
LH:2
BRF:0
BRH:0
end_of_record
TN:
SF:src/components/molecules/CustomTextField/CustomTextField.stories.js
FN:9,(anonymous_0)
FNF:1
FNH:0
FNDA:0,(anonymous_0)
DA:9,0
DA:10,0
DA:12,0
LF:3
LH:0
BRF:0
BRH:0
end_of_record
TN:
SF:src/components/molecules/DescriptionCard/DescriptionCard.js
FN:9,(anonymous_0)
FN:21,(anonymous_1)
FNF:2
FNH:2
FNDA:2,(anonymous_0)
FNDA:2,(anonymous_1)
DA:9,2
DA:21,2
DA:22,2
DA:24,2
LF:4
LH:4
BRF:0
BRH:0
end_of_record
TN:
SF:src/components/molecules/DescriptionCard/DescriptionCard.stories.js
FN:9,(anonymous_0)
FNF:1
FNH:0
FNDA:0,(anonymous_0)
DA:9,0
DA:11,0
DA:14,0
DA:20,0
DA:23,0
LF:5
LH:0
BRF:0
BRH:0
end_of_record
TN:
SF:src/components/molecules/DescriptionList/DescriptionList.js
FN:7,(anonymous_0)
FN:8,(anonymous_1)
FN:32,(anonymous_2)
FNF:3
FNH:2
FNDA:4,(anonymous_0)
FNDA:4,(anonymous_1)
FNDA:0,(anonymous_2)
DA:7,2
DA:8,4
DA:24,4
DA:25,4
DA:26,0
DA:27,0
DA:33,0
LF:7
LH:4
BRF:0
BRH:0
end_of_record
TN:
SF:src/components/molecules/DescriptionList/DescriptionList.stories.js
FN:9,(anonymous_0)
FNF:1
FNH:0
FNDA:0,(anonymous_0)
DA:9,0
DA:11,0
DA:14,0
LF:3
LH:0
BRF:0
BRH:0
end_of_record
TN:
SF:src/components/molecules/FilterBox/FilterBox.js
FN:89,(anonymous_0)
FN:102,(anonymous_1)
FN:288,(anonymous_2)
FN:295,(anonymous_3)
FN:315,(anonymous_4)
FN:322,FilterBox
FN:326,(anonymous_6)
FN:329,(anonymous_7)
FN:335,(anonymous_8)
FN:344,(anonymous_9)
FN:352,(anonymous_10)
FN:357,(anonymous_11)
FN:365,(anonymous_12)
FN:365,(anonymous_13)
FNF:14
FNH:0
FNDA:0,(anonymous_0)
FNDA:0,(anonymous_1)
FNDA:0,(anonymous_2)
FNDA:0,(anonymous_3)
FNDA:0,(anonymous_4)
FNDA:0,FilterBox
FNDA:0,(anonymous_6)
FNDA:0,(anonymous_7)
FNDA:0,(anonymous_8)
FNDA:0,(anonymous_9)
FNDA:0,(anonymous_10)
FNDA:0,(anonymous_11)
FNDA:0,(anonymous_12)
FNDA:0,(anonymous_13)
DA:89,0
DA:102,0
DA:151,0
DA:279,0
DA:288,0
DA:295,0
DA:296,0
DA:297,0
DA:298,0
DA:315,0
DA:323,0
DA:324,0
DA:326,0
DA:327,0
DA:329,0
DA:330,0
DA:334,0
DA:335,0
DA:336,0
DA:337,0
DA:338,0
DA:339,0
DA:340,0
DA:344,0
DA:345,0
DA:346,0
DA:352,0
DA:357,0
DA:358,0
DA:360,0
DA:365,0
DA:366,0
DA:369,0
LF:33
LH:0
BRDA:301,0,0,0
BRDA:301,0,1,0
BRDA:337,1,0,0
BRDA:337,1,1,0
BRF:4
BRH:0
end_of_record
TN:
SF:src/components/molecules/FilterBox/FilterBox.stories.js
FN:10,(anonymous_0)
FNF:1
FNH:0
FNDA:0,(anonymous_0)
DA:10,0
DA:12,0
DA:15,0
LF:3
LH:0
BRF:0
BRH:0
end_of_record
TN:
SF:src/components/molecules/FilterOptions/FilterOptions.js
FN:16,FilterOptions
FN:17,(anonymous_1)
FN:90,(anonymous_2)
FN:97,(anonymous_3)
FN:111,(anonymous_4)
FN:114,(anonymous_5)
FN:121,(anonymous_6)
FN:133,(anonymous_7)
FN:143,(anonymous_8)
FNF:9
FNH:0
FNDA:0,FilterOptions
FNDA:0,(anonymous_1)
FNDA:0,(anonymous_2)
FNDA:0,(anonymous_3)
FNDA:0,(anonymous_4)
FNDA:0,(anonymous_5)
FNDA:0,(anonymous_6)
FNDA:0,(anonymous_7)
FNDA:0,(anonymous_8)
DA:17,0
DA:89,0
DA:90,0
DA:93,0
DA:96,0
DA:97,0
DA:105,0
DA:106,0
DA:107,0
DA:111,0
DA:112,0
DA:114,0
DA:116,0
DA:117,0
DA:118,0
DA:121,0
DA:122,0
DA:125,0
DA:126,0
DA:127,0
DA:135,0
DA:143,0
LF:22
LH:0
BRDA:156,0,0,0
BRDA:156,0,1,0
BRF:2
BRH:0
end_of_record
TN:
SF:src/components/molecules/JobCard/JobCard.js
FN:107,JobCard
FN:156,(anonymous_1)
FNF:2
FNH:1
FNDA:11,JobCard
FNDA:0,(anonymous_1)
DA:16,1
DA:114,11
DA:115,11
DA:157,0
LF:4
LH:3
BRDA:156,0,0,11
BRDA:156,0,1,0
BRF:2
BRH:1
end_of_record
TN:
SF:src/components/molecules/JobCard/JobCard.stories.js
FN:15,(anonymous_0)
FNF:1
FNH:0
FNDA:0,(anonymous_0)
DA:15,0
DA:17,0
DA:20,0
LF:3
LH:0
BRF:0
BRH:0
end_of_record
TN:
SF:src/components/molecules/JobCardInfo/JobCardInfo.js
FN:9,(anonymous_0)
FN:11,(anonymous_1)
FNF:2
FNH:2
FNDA:7,(anonymous_0)
FNDA:7,(anonymous_1)
DA:9,2
DA:11,7
DA:43,7
DA:45,7
LF:4
LH:4
BRF:0
BRH:0
end_of_record
TN:
SF:src/components/molecules/JobCardInfo/JobCardInfo.stories.js
FN:9,(anonymous_0)
FNF:1
FNH:0
FNDA:0,(anonymous_0)
DA:9,0
DA:11,0
DA:14,0
LF:3
LH:0
BRF:0
BRH:0
end_of_record
TN:
SF:src/components/molecules/JobCardsmall/JobCardSmall.js
FN:108,JobCard
FN:152,(anonymous_1)
FNF:2
FNH:1
FNDA:15,JobCard
FNDA:0,(anonymous_1)
DA:16,1
DA:115,15
DA:116,15
DA:153,0
LF:4
LH:3
BRDA:152,0,0,15
BRDA:152,0,1,0
BRF:2
BRH:1
end_of_record
TN:
SF:src/components/molecules/JobCardsmall/JobCardSmall.stories.js
FN:15,(anonymous_0)
FNF:1
FNH:0
FNDA:0,(anonymous_0)
DA:15,0
DA:17,0
DA:20,0
LF:3
LH:0
BRF:0
BRH:0
end_of_record
TN:
SF:src/components/molecules/LocationListItem/LocationListItem.js
FN:17,(anonymous_0)
FN:34,LocationListItem
FNF:2
FNH:2
FNDA:6,(anonymous_0)
FNDA:6,LocationListItem
DA:17,6
DA:37,6
DA:39,6
LF:3
LH:3
BRF:0
BRH:0
end_of_record
TN:
SF:src/components/molecules/LocationListItem/LocationListItem.stories.js
FN:9,(anonymous_0)
FNF:1
FNH:0
FNDA:0,(anonymous_0)
DA:9,0
DA:11,0
DA:14,0
LF:3
LH:0
BRF:0
BRH:0
end_of_record
TN:
SF:src/components/molecules/MapCardInfo/MapCardInfo.js
FN:16,(anonymous_0)
FN:112,JobCardInfo
FNF:2
FNH:2
FNDA:15,(anonymous_0)
FNDA:15,JobCardInfo
DA:16,15
DA:116,15
DA:118,15
LF:3
LH:3
BRF:0
BRH:0
end_of_record
TN:
SF:src/components/molecules/MapCardInfo/MapCardInfo.stories.js
FN:9,(anonymous_0)
FNF:1
FNH:0
FNDA:0,(anonymous_0)
DA:9,0
DA:11,0
DA:14,0
LF:3
LH:0
BRF:0
BRH:0
end_of_record
TN:
SF:src/components/molecules/MyListItem/MyListItem.js
FN:11,(anonymous_0)
FN:38,MyListItem
FNF:2
FNH:2
FNDA:4,(anonymous_0)
FNDA:4,MyListItem
DA:11,4
DA:39,4
DA:40,4
LF:3
LH:3
BRF:0
BRH:0
end_of_record
TN:
SF:src/components/molecules/MyListItem/MyListItem.stories.js
FN:11,(anonymous_0)
FNF:1
FNH:0
FNDA:0,(anonymous_0)
DA:11,0
DA:13,0
LF:2
LH:0
BRF:0
BRH:0
end_of_record
TN:
SF:src/components/molecules/ProfileItem/ProfileItem.js
FN:19,ProfileItem
FN:21,(anonymous_1)
FNF:2
FNH:2
FNDA:13,ProfileItem
FNDA:13,(anonymous_1)
DA:21,13
DA:50,13
DA:52,13
LF:3
LH:3
BRF:0
BRH:0
end_of_record
TN:
SF:src/components/molecules/ProfileItem/ProfileItem.stories.js
FN:10,(anonymous_0)
FNF:1
FNH:0
FNDA:0,(anonymous_0)
DA:10,0
DA:12,0
DA:15,0
LF:3
LH:0
BRF:0
BRH:0
end_of_record
TN:
SF:src/components/molecules/TextField/TextField.js
FN:209,CustomizedHook
FN:212,(anonymous_1)
FN:271,(anonymous_2)
FN:290,(anonymous_3)
FN:299,(anonymous_4)
FNF:5
FNH:1
FNDA:30,CustomizedHook
FNDA:0,(anonymous_1)
FNDA:0,(anonymous_2)
FNDA:0,(anonymous_3)
FNDA:0,(anonymous_4)
DA:15,2
DA:21,2
DA:110,2
DA:162,2
DA:210,30
DA:212,30
DA:213,0
DA:254,30
DA:266,30
DA:271,0
DA:273,30
DA:274,30
DA:275,30
DA:291,0
DA:300,0
DA:329,2
LF:16
LH:12
BRDA:286,0,0,0
BRDA:286,0,1,30
BRDA:297,1,0,0
BRDA:297,1,1,30
BRDA:297,2,0,30
BRDA:297,2,1,30
BRF:6
BRH:4
end_of_record
TN:
SF:src/components/molecules/TravelInfoCard/TravelInfoCard.js
FN:21,TabPanel
FN:49,allyProps
FN:57,(anonymous_2)
FN:165,JobCardInfo
FN:172,(anonymous_4)
FNF:5
FNH:4
FNDA:125,TabPanel
FNDA:124,allyProps
FNDA:31,(anonymous_2)
FNDA:31,JobCardInfo
FNDA:0,(anonymous_4)
DA:22,125
DA:24,124
DA:43,1
DA:50,124
DA:57,31
DA:169,31
DA:170,31
DA:172,31
DA:173,0
DA:176,31
LF:10
LH:9
BRDA:33,0,0,124
BRDA:33,0,1,31
BRF:2
BRH:2
end_of_record
TN:
SF:src/components/molecules/TravelInfoCard/TravelInfoCard.stories.js
FN:9,(anonymous_0)
FNF:1
FNH:0
FNDA:0,(anonymous_0)
DA:9,0
DA:11,0
DA:14,0
LF:3
LH:0
BRF:0
BRH:0
end_of_record
TN:
SF:src/components/molecules/TravelOptionCard/TravelOptionCard.js
FN:10,(anonymous_0)
FN:75,JobCardInfo
FNF:2
FNH:2
FNDA:6,(anonymous_0)
FNDA:6,JobCardInfo
DA:10,6
DA:78,6
DA:80,6
LF:3
LH:3
BRF:0
BRH:0
end_of_record
TN:
SF:src/components/molecules/TravelOptionCard/TravelOptionCard.stories.js
FN:9,(anonymous_0)
FNF:1
FNH:0
FNDA:0,(anonymous_0)
DA:9,1
DA:11,1
DA:13,1
DA:19,1
DA:21,1
LF:5
LH:5
BRF:0
BRH:0
end_of_record
TN:
SF:src/components/molecules/aqi/aqi.js
FN:7,AQI
FNF:1
FNH:1
FNDA:5,AQI
DA:8,5
LF:1
LH:1
BRDA:18,0,0,5
BRDA:18,0,1,0
BRDA:18,0,2,0
BRDA:44,1,0,5
BRDA:44,1,1,5
BRF:5
BRH:3
end_of_record
TN:
SF:src/components/molecules/aqi/aqi.stories.js
FN:11,(anonymous_0)
FNF:1
FNH:0
FNDA:0,(anonymous_0)
DA:11,0
DA:13,0
DA:14,0
DA:25,0
DA:26,0
DA:40,0
DA:41,0
LF:7
LH:0
BRF:0
BRH:0
end_of_record
TN:
SF:src/components/molecules/searchTab/jobSearch.js
FN:23,(anonymous_0)
FN:65,JobSearch
FN:71,(anonymous_2)
FN:76,(anonymous_3)
FN:110,(anonymous_4)
FNF:5
FNH:0
FNDA:0,(anonymous_0)
FNDA:0,JobSearch
FNDA:0,(anonymous_2)
FNDA:0,(anonymous_3)
FNDA:0,(anonymous_4)
DA:12,0
DA:23,0
DA:66,0
DA:67,0
DA:69,0
DA:71,0
DA:73,0
DA:76,0
DA:79,0
DA:80,0
DA:87,0
DA:89,0
DA:110,0
LF:13
LH:0
BRDA:79,0,0,0
BRDA:79,0,1,0
BRF:2
BRH:0
end_of_record
TN:
SF:src/components/molecules/searchTab/jobSearch.stories.js
FN:10,(anonymous_0)
FNF:1
FNH:0
FNDA:0,(anonymous_0)
DA:10,0
DA:12,0
DA:15,0
LF:3
LH:0
BRF:0
BRH:0
end_of_record
TN:
SF:src/components/molecules/select/select.js
FN:210,CustomizedHook
FN:213,(anonymous_1)
FN:272,(anonymous_2)
FN:292,(anonymous_3)
FN:301,(anonymous_4)
FNF:5
FNH:1
FNDA:26,CustomizedHook
FNDA:0,(anonymous_1)
FNDA:0,(anonymous_2)
FNDA:0,(anonymous_3)
FNDA:0,(anonymous_4)
DA:16,3
DA:22,3
DA:111,3
DA:163,3
DA:211,26
DA:213,26
DA:214,0
DA:255,26
DA:267,26
DA:272,0
DA:274,26
DA:275,26
DA:276,26
DA:293,0
DA:302,0
DA:331,3
LF:16
LH:12
BRDA:288,0,0,0
BRDA:288,0,1,26
BRDA:299,1,0,0
BRDA:299,1,1,26
BRDA:299,2,0,26
BRDA:299,2,1,26
BRF:6
BRH:4
end_of_record
TN:
SF:src/components/molecules/select/select.stories.js
FN:9,(anonymous_0)
FNF:1
FNH:0
FNDA:0,(anonymous_0)
DA:9,0
DA:10,0
LF:2
LH:0
BRF:0
BRH:0
end_of_record
TN:
SF:src/components/molecules/select field/select.js
FN:210,CustomizedHook
FN:213,(anonymous_1)
FN:272,(anonymous_2)
FN:292,(anonymous_3)
FN:301,(anonymous_4)
FNF:5
FNH:1
FNDA:26,CustomizedHook
FNDA:0,(anonymous_1)
FNDA:0,(anonymous_2)
FNDA:0,(anonymous_3)
FNDA:0,(anonymous_4)
DA:16,3
DA:22,3
DA:111,3
DA:163,3
DA:211,26
DA:213,26
DA:214,0
DA:255,26
DA:267,26
DA:272,0
DA:274,26
DA:275,26
DA:276,26
DA:293,0
DA:302,0
DA:331,3
LF:16
LH:12
BRDA:288,0,0,0
BRDA:288,0,1,26
BRDA:299,1,0,0
BRDA:299,1,1,26
BRDA:299,2,0,26
BRDA:299,2,1,26
BRF:6
BRH:4
end_of_record
TN:
SF:src/components/molecules/select field/select.stories.js
FN:9,(anonymous_0)
FNF:1
FNH:0
FNDA:0,(anonymous_0)
DA:9,0
DA:10,0
LF:2
LH:0
BRF:0
BRH:0
end_of_record
TN:
SF:src/components/molecules/stepper/CustomStepper.js
FN:35,(anonymous_0)
FN:79,HorizontalLinearStepper
FN:87,(anonymous_2)
FN:91,(anonymous_3)
FN:95,(anonymous_4)
FN:102,(anonymous_5)
FN:106,(anonymous_6)
FN:107,(anonymous_7)
FN:110,(anonymous_8)
FN:117,(anonymous_9)
FN:118,(anonymous_10)
FN:125,(anonymous_11)
FN:129,(anonymous_12)
FN:137,(anonymous_13)
FN:165,(anonymous_14)
FN:176,(anonymous_15)
FNF:16
FNH:5
FNDA:15,(anonymous_0)
FNDA:15,HorizontalLinearStepper
FNDA:15,(anonymous_2)
FNDA:45,(anonymous_3)
FNDA:0,(anonymous_4)
FNDA:0,(anonymous_5)
FNDA:0,(anonymous_6)
FNDA:0,(anonymous_7)
FNDA:0,(anonymous_8)
FNDA:0,(anonymous_9)
FNDA:0,(anonymous_10)
FNDA:0,(anonymous_11)
FNDA:0,(anonymous_12)
FNDA:45,(anonymous_13)
FNDA:0,(anonymous_14)
FNDA:0,(anonymous_15)
DA:17,2
DA:35,15
DA:80,15
DA:81,15
DA:82,15
DA:83,15
DA:85,15
DA:87,15
DA:88,15
DA:91,15
DA:92,45
DA:95,15
DA:96,0
DA:97,0
DA:98,0
DA:99,0
DA:102,0
DA:103,0
DA:106,15
DA:107,0
DA:110,15
DA:111,0
DA:114,0
DA:117,0
DA:118,0
DA:119,0
DA:120,0
DA:121,0
DA:125,15
DA:126,0
DA:128,15
DA:129,15
DA:131,0
DA:133,15
DA:138,45
DA:139,45
DA:141,45
DA:142,0
DA:144,45
DA:166,0
DA:167,0
DA:177,0
DA:178,0
LF:43
LH:22
BRDA:97,0,0,0
BRDA:97,0,1,0
BRDA:111,1,0,0
BRDA:111,1,1,0
BRDA:141,2,0,0
BRDA:141,2,1,45
BRDA:154,3,0,15
BRDA:154,3,1,15
BRDA:160,4,0,15
BRDA:160,4,1,0
BRDA:174,5,0,15
BRDA:174,5,1,0
BRDA:180,6,0,0
BRDA:180,6,1,15
BRDA:195,7,0,15
BRDA:195,7,1,0
BRDA:214,8,0,0
BRDA:214,8,1,15
BRF:18
BRH:8
end_of_record
TN:
SF:src/components/molecules/stepper/CustomStepper.stories.js
FN:8,(anonymous_0)
FNF:1
FNH:0
FNDA:0,(anonymous_0)
DA:8,0
DA:10,0
DA:11,0
LF:3
LH:0
BRF:0
BRH:0
end_of_record
